<?xml version="1.0" encoding="UTF-8"?>
<robot generator="Robot 6.1 (Python 3.10.11 on darwin)" generated="20230724 17:27:24.719" rpa="false" schemaversion="4">
<suite id="s1" name="BasicSearch" source="/Users/jaganath.gajendran/Documents/J_Study/Python/robotFW/Test/eBay/BasicSearch.robot">
<test id="s1-t1" name="Verify basic search Functionality for eBay" line="9">
<kw name="Start TestCase">
<kw name="Open Browser" library="SeleniumLibrary">
<arg>https://www.ebay.com</arg>
<arg>chrome</arg>
<doc>Opens a new browser instance to the optional ``url``.</doc>
<msg timestamp="20230724 17:27:24.859" level="INFO">Opening browser 'chrome' to base url 'https://www.ebay.com'.</msg>
<status status="PASS" starttime="20230724 17:27:24.859" endtime="20230724 17:27:37.286"/>
</kw>
<kw name="Maximize Browser Window" library="SeleniumLibrary">
<doc>Maximizes current browser window.</doc>
<status status="PASS" starttime="20230724 17:27:37.286" endtime="20230724 17:27:37.542"/>
</kw>
<status status="PASS" starttime="20230724 17:27:24.859" endtime="20230724 17:27:37.543"/>
</kw>
<kw name="Verify Search Results">
<kw name="Input Text" library="SeleniumLibrary">
<arg>xpath://*[@id="gh-ac"]</arg>
<arg>mobile</arg>
<doc>Types the given ``text`` into the text field identified by ``locator``.</doc>
<msg timestamp="20230724 17:27:37.544" level="INFO">Typing text 'mobile' into text field 'xpath://*[@id="gh-ac"]'.</msg>
<status status="PASS" starttime="20230724 17:27:37.543" endtime="20230724 17:27:39.403"/>
</kw>
<kw name="Press Keys" library="SeleniumLibrary">
<arg>xpath://*[@id="gh-btn"]</arg>
<arg>[Return]</arg>
<doc>Simulates the user pressing key(s) to an element or on the active browser.</doc>
<msg timestamp="20230724 17:27:39.404" level="INFO">Sending key(s) ('[Return]',) to xpath://*[@id="gh-btn"] element.</msg>
<msg timestamp="20230724 17:27:54.512" level="INFO">Sending keys [Return]</msg>
<status status="PASS" starttime="20230724 17:27:39.403" endtime="20230724 17:27:55.619"/>
</kw>
<kw name="Page Should Contain" library="SeleniumLibrary">
<arg>results for mobile</arg>
<doc>Verifies that current page contains ``text``.</doc>
<msg timestamp="20230724 17:28:01.165" level="INFO">Current page contains text 'results for mobile'.</msg>
<status status="PASS" starttime="20230724 17:27:55.619" endtime="20230724 17:28:01.165"/>
</kw>
<status status="PASS" starttime="20230724 17:27:37.543" endtime="20230724 17:28:01.166"/>
</kw>
<kw name="Finish TestCase">
<kw name="Close Browser" library="SeleniumLibrary">
<doc>Closes the current browser.</doc>
<status status="PASS" starttime="20230724 17:28:01.166" endtime="20230724 17:28:01.294"/>
</kw>
<status status="PASS" starttime="20230724 17:28:01.166" endtime="20230724 17:28:01.295"/>
</kw>
<doc>This test casse verifies the basic search</doc>
<tag>Functional</tag>
<status status="PASS" starttime="20230724 17:27:24.858" endtime="20230724 17:28:01.295"/>
</test>
<doc>Basic Search Functionality</doc>
<status status="PASS" starttime="20230724 17:27:24.721" endtime="20230724 17:28:01.295"/>
</suite>
<statistics>
<total>
<stat pass="1" fail="0" skip="0">All Tests</stat>
</total>
<tag>
<stat pass="1" fail="0" skip="0">Functional</stat>
</tag>
<suite>
<stat pass="1" fail="0" skip="0" id="s1" name="BasicSearch">BasicSearch</stat>
</suite>
</statistics>
<errors>
</errors>
</robot>
